<?xml version="1.0" encoding="UTF-8" ?>
<testsuite tests="5" failures="0" name="Runner.RunTest" time="189.168" errors="0" skipped="0">
  <properties>
[...]
</properties>
  <testcase classname="Register and Login to BuggyCars" name="User should be able to Register successfully" time="40.057"/>
  <testcase classname="Register and Login to BuggyCars" name="User should be able to login successfully with valid credentials" time="23.809"/>
  <testcase classname="Register and Login to BuggyCars" name="User should be able to see Popular make with login" time="38.834"/>
  <testcase classname="Register and Login to BuggyCars" name="User should be able to see Popular model with login" time="30.578"/>
  <testcase classname="Register and Login to BuggyCars" name="login with User and vote car rating with comments" time="55.89"/>
</testsuite>